#
# There is insufficient memory for the Java Runtime Environment to continue.
# Native memory allocation (mmap) failed to map 268435456 bytes for Failed to commit area from 0x0000000701000000 to 0x0000000711000000 of length 268435456.
# Possible reasons:
#   The system is out of physical RAM or swap space
#   The process is running with CompressedOops enabled, and the Java Heap may be blocking the growth of the native heap
# Possible solutions:
#   Reduce memory load on the system
#   Increase physical memory or swap space
#   Check if swap backing store is full
#   Decrease Java heap size (-Xmx/-Xms)
#   Decrease number of Java threads
#   Decrease Java thread stack sizes (-Xss)
#   Set larger code cache with -XX:ReservedCodeCacheSize=
#   JVM is running with Zero Based Compressed Oops mode in which the Java heap is
#     placed in the first 32GB address space. The Java Heap base address is the
#     maximum limit for the native heap growth. Please use -XX:HeapBaseMinAddress
#     to set the Java Heap base and to place the Java Heap above 32GB virtual address.
# This output file may be truncated or incomplete.
#
#  Out of Memory Error (./open/src/hotspot/os/windows/os_windows.cpp:3315), pid=12596, tid=15640
#
# JRE version:  (14.0.1+7) (build )
# Java VM: OpenJDK 64-Bit Server VM (14.0.1+7, mixed mode, sharing, tiered, compressed oops, g1 gc, windows-amd64)
# No core dump will be written. Minidumps are not enabled by default on client versions of Windows
#

---------------  S U M M A R Y ------------

Command Line: -ea -Didea.test.cyclic.buffer.size=1048576 -javaagent:C:\Program Files\JetBrains\IntelliJ IDEA Community Edition 2020.1.2\lib\idea_rt.jar=61580:C:\Program Files\JetBrains\IntelliJ IDEA Community Edition 2020.1.2\bin -Dfile.encoding=UTF-8 com.intellij.rt.junit.JUnitStarter -ideVersion5 -junit4 core.basesyntax.BinaryStringTest

Host: AMD Ryzen 5 1600X Six-Core Processor           , 12 cores, 15G,  Windows 10 , 64 bit Build 17763 (10.0.17763.1339)
Time: Mon Jul 27 18:50:30 2020 ?in?enueee ?I 2 (ceiiaee ?an) elapsed time: 0 seconds (0d 0h 0m 0s)

---------------  T H R E A D  ---------------

Current thread (0x000001ca74753000):  JavaThread "Unknown thread" [_thread_in_vm, id=15640, stack(0x000000ae25c00000,0x000000ae25d00000)]

Stack: [0x000000ae25c00000,0x000000ae25d00000]
Native frames: (J=compiled Java code, j=interpreted, Vv=VM code, C=native code)
V  [jvm.dll+0x5f840a]
V  [jvm.dll+0x741e4a]
V  [jvm.dll+0x7435ff]
V  [jvm.dll+0x743c43]
V  [jvm.dll+0x20d288]
V  [jvm.dll+0x5f57ba]
V  [jvm.dll+0x5ea615]
V  [jvm.dll+0x2c7e9c]
V  [jvm.dll+0x2c7cd2]
V  [jvm.dll+0x2cdbbc]
V  [jvm.dll+0x313ff8]
V  [jvm.dll+0x313720]
V  [jvm.dll+0x2a092a]
V  [jvm.dll+0x2a1a79]
V  [jvm.dll+0x71f718]
V  [jvm.dll+0x321c44]
V  [jvm.dll+0x700b0c]
V  [jvm.dll+0x392dff]
V  [jvm.dll+0x394e71]
C  [jli.dll+0x523b]
C  [ucrtbase.dll+0x21ffa]
C  [KERNEL32.DLL+0x17974]
C  [ntdll.dll+0x6a271]


---------------  P R O C E S S  ---------------

Threads class SMR info:
_java_thread_list=0x00007ffd6bb83078, length=0, elements={
}

Java Threads: ( => current thread )

Other Threads:
  0x000001ca747bc000 GCTaskThread "GC Thread#0" [stack: 0x000000ae25d00000,0x000000ae25e00000] [id=10736]
  0x000001ca747df800 ConcurrentGCThread "G1 Main Marker" [stack: 0x000000ae25e00000,0x000000ae25f00000] [id=16680]
  0x000001ca747e1800 ConcurrentGCThread "G1 Conc#0" [stack: 0x000000ae25f00000,0x000000ae26000000] [id=2360]

[error occurred during error reporting (printing all threads), id 0xc0000005, EXCEPTION_ACCESS_VIOLATION (0xc0000005) at pc=0x00007ffd6b3b1257]

VM state:not at safepoint (not fully initialized)

VM Mutex/Monitor currently owned by a thread:  ([mutex/lock_event])
[0x000001ca74750c40] Heap_lock - owner thread: 0x000001ca74753000

Heap address: 0x0000000701000000, size: 4080 MB, Compressed Oops mode: Zero based, Oop shift amount: 3
Narrow klass base: 0x0000000000000000, Narrow klass shift: 0

GC Heap History (0 events):
No events

Deoptimization events (0 events):
No events

Classes unloaded (0 events):
No events

Classes redefined (0 events):
No events

Internal exceptions (0 events):
No events

Events (2 events):
Event: 0.004 Loaded shared library C:\Users\Admin\.jdks\openjdk-14.0.1\bin\java.dll
Event: 0.005 Loaded shared library C:\Users\Admin\.jdks\openjdk-14.0.1\bin\zip.dll


Dynamic libraries:
0x00007ff661d00000 - 0x00007ff661d0d000 	C:\Users\Admin\.jdks\openjdk-14.0.1\bin\java.exe
0x00007ffda8b30000 - 0x00007ffda8d1d000 	C:\Windows\SYSTEM32\ntdll.dll
0x00007ffda6400000 - 0x00007ffda64b3000 	C:\Windows\System32\KERNEL32.DLL
0x00007ffda5160000 - 0x00007ffda53f5000 	C:\Windows\System32\KERNELBASE.dll
0x00007ffda4e90000 - 0x00007ffda4f8a000 	C:\Windows\System32\ucrtbase.dll
0x00007ffd8c470000 - 0x00007ffd8c488000 	C:\Users\Admin\.jdks\openjdk-14.0.1\bin\jli.dll
0x00007ffd8c420000 - 0x00007ffd8c435000 	C:\Users\Admin\.jdks\openjdk-14.0.1\bin\VCRUNTIME140.dll
0x00007ffda5e20000 - 0x00007ffda5fb7000 	C:\Windows\System32\USER32.dll
0x00007ffd961e0000 - 0x00007ffd96459000 	C:\Windows\WinSxS\amd64_microsoft.windows.common-controls_6595b64144ccf1df_6.0.17763.1339_none_de7015e4534c7114\COMCTL32.dll
0x00007ffda5070000 - 0x00007ffda5090000 	C:\Windows\System32\win32u.dll
0x00007ffda6c10000 - 0x00007ffda6cae000 	C:\Windows\System32\msvcrt.dll
0x00007ffda63d0000 - 0x00007ffda63f9000 	C:\Windows\System32\GDI32.dll
0x00007ffda6f70000 - 0x00007ffda729c000 	C:\Windows\System32\combase.dll
0x00007ffda5400000 - 0x00007ffda559b000 	C:\Windows\System32\gdi32full.dll
0x00007ffda5fc0000 - 0x00007ffda60e2000 	C:\Windows\System32\RPCRT4.dll
0x00007ffda5090000 - 0x00007ffda5130000 	C:\Windows\System32\msvcp_win.dll
0x00007ffda4f90000 - 0x00007ffda500e000 	C:\Windows\System32\bcryptPrimitives.dll
0x00007ffda6b80000 - 0x00007ffda6bae000 	C:\Windows\System32\IMM32.DLL
0x00007ffd80090000 - 0x00007ffd8012b000 	C:\Users\Admin\.jdks\openjdk-14.0.1\bin\msvcp140.dll
0x00007ffd6b100000 - 0x00007ffd6bc1e000 	C:\Users\Admin\.jdks\openjdk-14.0.1\bin\server\jvm.dll
0x00007ffda8a50000 - 0x00007ffda8af3000 	C:\Windows\System32\ADVAPI32.dll
0x00007ffda6940000 - 0x00007ffda69de000 	C:\Windows\System32\sechost.dll
0x00007ffda63b0000 - 0x00007ffda63b8000 	C:\Windows\System32\PSAPI.DLL
0x00007ffda1430000 - 0x00007ffda1439000 	C:\Windows\SYSTEM32\WSOCK32.dll
0x00007ffda6b10000 - 0x00007ffda6b7d000 	C:\Windows\System32\WS2_32.dll
0x00007ffda2a60000 - 0x00007ffda2a84000 	C:\Windows\SYSTEM32\WINMM.dll
0x00007ffd9f2f0000 - 0x00007ffd9f2fa000 	C:\Windows\SYSTEM32\VERSION.dll
0x00007ffda26d0000 - 0x00007ffda26fd000 	C:\Windows\SYSTEM32\WINMMBASE.dll
0x00007ffda5d00000 - 0x00007ffda5d4a000 	C:\Windows\System32\cfgmgr32.dll
0x00007ffda4b30000 - 0x00007ffda4b41000 	C:\Windows\System32\kernel.appcore.dll
0x00007ffd933f0000 - 0x00007ffd933fa000 	C:\Users\Admin\.jdks\openjdk-14.0.1\bin\jimage.dll
0x00007ffd8d840000 - 0x00007ffd8da2d000 	C:\Windows\SYSTEM32\DBGHELP.DLL
0x00007ffd8d770000 - 0x00007ffd8d79a000 	C:\Windows\SYSTEM32\dbgcore.DLL
0x00007ffd91d80000 - 0x00007ffd91d8e000 	C:\Users\Admin\.jdks\openjdk-14.0.1\bin\instrument.dll
0x00007ffd8bed0000 - 0x00007ffd8bef5000 	C:\Users\Admin\.jdks\openjdk-14.0.1\bin\java.dll
0x00007ffd8be90000 - 0x00007ffd8bea6000 	C:\Users\Admin\.jdks\openjdk-14.0.1\bin\zip.dll

dbghelp: loaded successfully - version: 4.0.5 - missing functions: none
symbol engine: initialized successfully - sym options: 0x614 - pdb path: .;C:\Users\Admin\.jdks\openjdk-14.0.1\bin;C:\Windows\SYSTEM32;C:\Windows\WinSxS\amd64_microsoft.windows.common-controls_6595b64144ccf1df_6.0.17763.1339_none_de7015e4534c7114;C:\Users\Admin\.jdks\openjdk-14.0.1\bin\server

VM Arguments:
jvm_args: -ea -Didea.test.cyclic.buffer.size=1048576 -javaagent:C:\Program Files\JetBrains\IntelliJ IDEA Community Edition 2020.1.2\lib\idea_rt.jar=61580:C:\Program Files\JetBrains\IntelliJ IDEA Community Edition 2020.1.2\bin -Dfile.encoding=UTF-8 
java_command: com.intellij.rt.junit.JUnitStarter -ideVersion5 -junit4 core.basesyntax.BinaryStringTest
java_class_path (initial): C:\Program Files\JetBrains\IntelliJ IDEA Community Edition 2020.1.2\lib\idea_rt.jar;C:\Program Files\JetBrains\IntelliJ IDEA Community Edition 2020.1.2\plugins\junit\lib\junit5-rt.jar;C:\Program Files\JetBrains\IntelliJ IDEA Community Edition 2020.1.2\plugins\junit\lib\junit-rt.jar;C:\Users\Admin\IdeaProjects\jv-binary-string\target\test-classes;C:\Users\Admin\IdeaProjects\jv-binary-string\target\classes;C:\Users\Admin\.m2\repository\junit\junit\4.12\junit-4.12.jar;C:\Users\Admin\.m2\repository\org\hamcrest\hamcrest-core\1.3\hamcrest-core-1.3.jar
Launcher Type: SUN_STANDARD

[Global flags]
     intx CICompilerCount                          = 4                                         {product} {ergonomic}
     uint ConcGCThreads                            = 3                                         {product} {ergonomic}
     uint G1ConcRefinementThreads                  = 10                                        {product} {ergonomic}
   size_t G1HeapRegionSize                         = 1048576                                   {product} {ergonomic}
    uintx GCDrainStackTargetSize                   = 64                                        {product} {ergonomic}
   size_t InitialHeapSize                          = 268435456                                 {product} {ergonomic}
   size_t MarkStackSize                            = 4194304                                   {product} {ergonomic}
   size_t MaxHeapSize                              = 4278190080                                {product} {ergonomic}
   size_t MinHeapDeltaBytes                        = 1048576                                   {product} {ergonomic}
   size_t MinHeapSize                              = 8388608                                   {product} {ergonomic}
    uintx NonNMethodCodeHeapSize                   = 5839372                                {pd product} {ergonomic}
    uintx NonProfiledCodeHeapSize                  = 122909434                              {pd product} {ergonomic}
    uintx ProfiledCodeHeapSize                     = 122909434                              {pd product} {ergonomic}
    uintx ReservedCodeCacheSize                    = 251658240                              {pd product} {ergonomic}
     bool SegmentedCodeCache                       = true                                      {product} {ergonomic}
   size_t SoftMaxHeapSize                          = 4278190080                             {manageable} {ergonomic}
     bool UseCompressedClassPointers               = true                                 {lp64_product} {ergonomic}
     bool UseCompressedOops                        = true                                 {lp64_product} {ergonomic}
     bool UseG1GC                                  = true                                      {product} {ergonomic}
     bool UseLargePagesIndividualAllocation        = false                                  {pd product} {ergonomic}

Logging:
Log output configuration:
 #0: stdout all=warning uptime,level,tags
 #1: stderr all=off uptime,level,tags

Environment Variables:
JAVA_HOME=C:\Program Files\Java\jdk-14.0.1
PATH=C:\Program Files (x86)\Common Files\Oracle\Java\javapath;C:\Windows\system32;C:\Windows;C:\Windows\System32\Wbem;C:\Windows\System32\WindowsPowerShell\v1.0\;C:\Windows\System32\OpenSSH\;C:\Program Files\dotnet\;C:\Program Files (x86)\Common Files\Acronis\SnapAPI\;C:\Program Files (x86)\NVIDIA Corporation\PhysX\Common;C:\Program Files\Git\cmd;C:\Program Files\Java\jdk-14.0.1\bin;C:\Program Files\Apache\Maven\apache-maven-3.6.3\bin;C:\Program Files\Apache\Maven\apache-maven-3.6.3\bin;C:\Users\Admin\AppData\Local\Microsoft\WindowsApps;C:\Program Files\Apache\Maven\apache-maven-3.6.3\bin;C:\Program Files\Java\jdk-14.0.1\bin;C:\Users\Admin\AppData\Local\GitHubDesktop\bin
USERNAME=Admin
OS=Windows_NT
PROCESSOR_IDENTIFIER=AMD64 Family 23 Model 1 Stepping 1, AuthenticAMD



---------------  S Y S T E M  ---------------

OS: Windows 10 , 64 bit Build 17763 (10.0.17763.1339)
OS uptime: 0 days 11:25 hours

CPU:total 12 (initial active 12) (12 cores per cpu, 2 threads per core) family 23 model 1 stepping 1, cmov, cx8, fxsr, mmx, sse, sse2, sse3, ssse3, sse4.1, sse4.2, popcnt, avx, avx2, aes, clmul, mmxext, 3dnowpref, lzcnt, sse4a, ht, tsc, tscinvbit, tscinv, bmi1, bmi2, adx, sha, fma

Memory: 4k page, system-wide physical 16318M (7372M free)
TotalPageFile size 18366M (AvailPageFile size 188M)
current process WorkingSet (physical memory assigned to process): 10M, peak: 10M
current process commit charge ("private bytes"): 65M, peak: 321M

vm_info: OpenJDK 64-Bit Server VM (14.0.1+7) for windows-amd64 JRE (14.0.1+7), built on Mar  5 2020 10:30:04 by "mach5one" with MS VC++ 15.9 (VS2017)

END.
